mode: set
github.com/howardkim0/car_monitor/go/internal/obd2/obd2.go:111.76,113.2 1 1
github.com/howardkim0/car_monitor/go/internal/obd2/obd2.go:121.101,130.17 2 1
github.com/howardkim0/car_monitor/go/internal/obd2/obd2.go:130.17,133.3 1 1
github.com/howardkim0/car_monitor/go/internal/obd2/obd2.go:134.2,134.10 1 1
github.com/howardkim0/car_monitor/go/internal/obd2/obd2.go:139.56,141.24 2 1
github.com/howardkim0/car_monitor/go/internal/obd2/obd2.go:141.24,143.3 1 1
github.com/howardkim0/car_monitor/go/internal/obd2/obd2.go:144.2,144.40 1 1
github.com/howardkim0/car_monitor/go/internal/obd2/obd2.go:144.40,144.70 1 1
github.com/howardkim0/car_monitor/go/internal/obd2/obd2.go:145.2,146.26 2 1
github.com/howardkim0/car_monitor/go/internal/obd2/obd2.go:146.26,148.3 1 1
github.com/howardkim0/car_monitor/go/internal/obd2/obd2.go:149.2,149.13 1 1
github.com/howardkim0/car_monitor/go/internal/obd2/obd2.go:156.61,158.33 2 1
github.com/howardkim0/car_monitor/go/internal/obd2/obd2.go:158.33,159.28 1 1
github.com/howardkim0/car_monitor/go/internal/obd2/obd2.go:159.28,161.4 1 1
github.com/howardkim0/car_monitor/go/internal/obd2/obd2.go:168.2,169.47 2 1
github.com/howardkim0/car_monitor/go/internal/obd2/obd2.go:169.47,171.3 1 1
github.com/howardkim0/car_monitor/go/internal/obd2/obd2.go:172.2,172.15 1 1
github.com/howardkim0/car_monitor/go/internal/obd2/obd2.go:181.39,185.23 3 1
github.com/howardkim0/car_monitor/go/internal/obd2/obd2.go:185.23,187.3 1 1
github.com/howardkim0/car_monitor/go/internal/obd2/obd2.go:189.2,189.84 1 1
github.com/howardkim0/car_monitor/go/internal/obd2/obd2.go:189.84,191.3 1 1
github.com/howardkim0/car_monitor/go/internal/obd2/obd2.go:198.2,199.39 2 1
github.com/howardkim0/car_monitor/go/internal/obd2/obd2.go:199.39,203.36 2 1
github.com/howardkim0/car_monitor/go/internal/obd2/obd2.go:203.36,204.45 1 1
github.com/howardkim0/car_monitor/go/internal/obd2/obd2.go:204.45,206.5 1 1
github.com/howardkim0/car_monitor/go/internal/obd2/obd2.go:209.2,212.19 3 1
github.com/howardkim0/car_monitor/go/internal/obd2/obd2.go:212.19,213.25 1 1
github.com/howardkim0/car_monitor/go/internal/obd2/obd2.go:213.25,219.4 1 1
github.com/howardkim0/car_monitor/go/internal/obd2/obd2.go:219.9,224.4 1 1
github.com/howardkim0/car_monitor/go/internal/obd2/obd2.go:226.2,226.19 1 1
github.com/howardkim0/car_monitor/go/internal/obd2/obd2.go:229.55,231.27 2 1
github.com/howardkim0/car_monitor/go/internal/obd2/obd2.go:231.27,233.3 1 1
github.com/howardkim0/car_monitor/go/internal/obd2/obd2.go:234.2,234.40 1 1
github.com/howardkim0/car_monitor/go/internal/obd2/obd2.go:234.40,234.70 1 1
github.com/howardkim0/car_monitor/go/internal/obd2/obd2.go:236.2,237.29 2 1
github.com/howardkim0/car_monitor/go/internal/obd2/obd2.go:237.29,239.3 1 1
github.com/howardkim0/car_monitor/go/internal/obd2/obd2.go:240.2,240.13 1 1
github.com/howardkim0/car_monitor/go/internal/obd2/obd2.go:246.79,248.33 2 1
github.com/howardkim0/car_monitor/go/internal/obd2/obd2.go:248.33,249.25 1 1
github.com/howardkim0/car_monitor/go/internal/obd2/obd2.go:249.25,250.12 1 1
github.com/howardkim0/car_monitor/go/internal/obd2/obd2.go:252.3,252.69 1 1
github.com/howardkim0/car_monitor/go/internal/obd2/obd2.go:254.2,254.13 1 1
github.com/howardkim0/car_monitor/go/internal/obd2/obd2.go:264.30,266.2 1 1
github.com/howardkim0/car_monitor/go/internal/obd2/obd2.go:277.37,279.6 2 1
github.com/howardkim0/car_monitor/go/internal/obd2/obd2.go:279.6,281.16 2 1
github.com/howardkim0/car_monitor/go/internal/obd2/obd2.go:281.16,282.9 1 1
github.com/howardkim0/car_monitor/go/internal/obd2/obd2.go:284.3,293.69 4 1
github.com/howardkim0/car_monitor/go/internal/obd2/obd2.go:293.69,295.4 1 1
github.com/howardkim0/car_monitor/go/internal/obd2/obd2.go:297.3,297.49 1 1
github.com/howardkim0/car_monitor/go/internal/obd2/obd2.go:297.49,300.73 1 1
github.com/howardkim0/car_monitor/go/internal/obd2/obd2.go:300.73,303.5 1 0
github.com/howardkim0/car_monitor/go/internal/obd2/obd2.go:304.4,304.12 1 1
github.com/howardkim0/car_monitor/go/internal/obd2/obd2.go:310.3,310.51 1 1
github.com/howardkim0/car_monitor/go/internal/obd2/obd2.go:310.51,312.26 2 1
github.com/howardkim0/car_monitor/go/internal/obd2/obd2.go:312.26,314.5 1 1
github.com/howardkim0/car_monitor/go/internal/obd2/obd2.go:319.3,319.72 1 1
github.com/howardkim0/car_monitor/go/internal/obd2/obd2.go:319.72,322.4 1 1
github.com/howardkim0/car_monitor/go/internal/obd2/obd2.go:324.2,324.25 1 1
github.com/howardkim0/car_monitor/go/internal/obd2/obd2.go:324.25,329.3 1 1
github.com/howardkim0/car_monitor/go/internal/obd2/obd2.go:338.64,342.34 3 1
github.com/howardkim0/car_monitor/go/internal/obd2/obd2.go:342.34,344.3 1 1
github.com/howardkim0/car_monitor/go/internal/obd2/obd2.go:346.2,347.25 2 1
github.com/howardkim0/car_monitor/go/internal/obd2/obd2.go:347.25,349.3 1 1
github.com/howardkim0/car_monitor/go/internal/obd2/obd2.go:351.2,352.31 2 1
github.com/howardkim0/car_monitor/go/internal/obd2/obd2.go:352.31,354.3 1 1
github.com/howardkim0/car_monitor/go/internal/obd2/obd2.go:356.2,357.26 2 1
github.com/howardkim0/car_monitor/go/internal/obd2/obd2.go:357.26,358.28 1 1
github.com/howardkim0/car_monitor/go/internal/obd2/obd2.go:358.28,359.12 1 1
github.com/howardkim0/car_monitor/go/internal/obd2/obd2.go:366.3,367.19 2 1
github.com/howardkim0/car_monitor/go/internal/obd2/obd2.go:367.19,369.4 1 1
github.com/howardkim0/car_monitor/go/internal/obd2/obd2.go:371.2,373.19 3 1
github.com/howardkim0/car_monitor/go/internal/obd2/obd2.go:373.19,376.3 1 1
github.com/howardkim0/car_monitor/go/internal/obd2/obd2.go:377.2,377.13 1 1
github.com/howardkim0/car_monitor/go/internal/obd2/obd2.go:384.53,386.21 2 1
github.com/howardkim0/car_monitor/go/internal/obd2/obd2.go:386.21,388.3 1 1
github.com/howardkim0/car_monitor/go/internal/obd2/obd2.go:390.2,391.27 2 1
github.com/howardkim0/car_monitor/go/internal/obd2/obd2.go:391.27,393.17 2 1
github.com/howardkim0/car_monitor/go/internal/obd2/obd2.go:393.17,395.4 1 1
github.com/howardkim0/car_monitor/go/internal/obd2/obd2.go:396.3,396.29 1 1
github.com/howardkim0/car_monitor/go/internal/obd2/obd2.go:399.2,399.36 1 1
github.com/howardkim0/car_monitor/go/internal/obd2/obd2.go:399.36,401.3 1 1
github.com/howardkim0/car_monitor/go/internal/obd2/obd2.go:402.2,402.18 1 1
github.com/howardkim0/car_monitor/go/internal/obd2/obd2.go:407.58,409.9 2 1
github.com/howardkim0/car_monitor/go/internal/obd2/obd2.go:409.9,411.3 1 1
github.com/howardkim0/car_monitor/go/internal/obd2/obd2.go:413.2,415.9 3 1
github.com/howardkim0/car_monitor/go/internal/obd2/obd2.go:415.9,417.3 1 1
github.com/howardkim0/car_monitor/go/internal/obd2/obd2.go:419.2,420.16 2 1
github.com/howardkim0/car_monitor/go/internal/obd2/obd2.go:420.16,422.3 1 1
github.com/howardkim0/car_monitor/go/internal/obd2/obd2.go:424.2,430.9 1 1
